{"/Users/victormeza/Documents/Projects/yoga/backend/config/default.js": {"path":"/Users/victormeza/Documents/Projects/yoga/backend/config/default.js","statementMap":{"0":{"start":{"line":1,"column":0},"end":{"line":13,"column":1}}},"fnMap":{},"branchMap":{},"s":{"0":1},"f":{},"b":{},"_coverageSchema":"1a1c01bbd47fc00a2c39e90264f33305004495a9","hash":"5d171755fdec04642218bd5c6a17bbd79da97e67"}
,"/Users/victormeza/Documents/Projects/yoga/backend/config/test.js": {"path":"/Users/victormeza/Documents/Projects/yoga/backend/config/test.js","statementMap":{"0":{"start":{"line":1,"column":0},"end":{"line":3,"column":1}}},"fnMap":{},"branchMap":{},"s":{"0":1},"f":{},"b":{},"_coverageSchema":"1a1c01bbd47fc00a2c39e90264f33305004495a9","hash":"aea970392d008654a7a9aab21edf375ba6f8e269"}
,"/Users/victormeza/Documents/Projects/yoga/backend/src/controllers/health/health.js": {"path":"/Users/victormeza/Documents/Projects/yoga/backend/src/controllers/health/health.js","statementMap":{"0":{"start":{"line":1,"column":19},"end":{"line":1,"column":46}},"1":{"start":{"line":2,"column":13},"end":{"line":2,"column":45}},"2":{"start":{"line":3,"column":20},"end":{"line":3,"column":37}},"3":{"start":{"line":5,"column":0},"end":{"line":12,"column":4}},"4":{"start":{"line":7,"column":4},"end":{"line":11,"column":6}},"5":{"start":{"line":14,"column":0},"end":{"line":14,"column":27}}},"fnMap":{"0":{"name":"(anonymous_0)","decl":{"start":{"line":6,"column":7},"end":{"line":6,"column":8}},"loc":{"start":{"line":6,"column":19},"end":{"line":12,"column":3}},"line":6}},"branchMap":{},"s":{"0":1,"1":1,"2":1,"3":1,"4":1,"5":1},"f":{"0":1},"b":{},"_coverageSchema":"1a1c01bbd47fc00a2c39e90264f33305004495a9","hash":"8015a920b2efe3c60209ec904b362d9484ebcd6a"}
}
